<?xml version="1.0" encoding="UTF-8"?>
<testng-results skipped="0" failed="0" total="1" passed="1">
  <reporter-output>
  </reporter-output>
  <suite name="Default suite" duration-ms="54975" started-at="2018-10-31T11:25:08Z" finished-at="2018-10-31T11:26:03Z">
    <groups>
    </groups>
    <test name="Default test" duration-ms="54975" started-at="2018-10-31T11:25:08Z" finished-at="2018-10-31T11:26:03Z">
      <class name="com.tests.AmazonTests">
        <test-method status="PASS" signature="AmazonTest()[pri:0, instance:com.tests.AmazonTests@271053e1]" name="AmazonTest" duration-ms="54956" started-at="2018-10-31T16:55:08Z" finished-at="2018-10-31T16:56:03Z">
          <reporter-output>
          </reporter-output>
        </test-method> <!-- AmazonTest -->
      </class> <!-- com.tests.AmazonTests -->
    </test> <!-- Default test -->
  </suite> <!-- Default suite -->
</testng-results>
